<?xml version="1.0" encoding="UTF-8"?>
<!-- Generated by org.testng.reporters.JUnitReportReporter -->
<testsuite hostname="vaishu.local" name="com.citrix.gotoapps.gotowebinar.testscripts.ScheduleWebinarTest" tests="1" failures="0" timestamp="15 Jun 2015 05:49:06 GMT" time="9.613" errors="0">
  <testcase name="TC001" time="9.613" classname="com.citrix.gotoapps.gotowebinar.testscripts.ScheduleWebinarTest"/>
</testsuite> <!-- com.citrix.gotoapps.gotowebinar.testscripts.ScheduleWebinarTest -->
