<?xml version="1.0" encoding="UTF-8"?>
<!-- Generated by org.testng.reporters.JUnitReportReporter -->
<testsuite hostname="vaishu.local" name="com.citrix.gotoapps.gotowebinar.testscripts.ScheduleWebinarTest" tests="1" failures="0" timestamp="15 Jun 2015 12:22:14 GMT" time="10.190" errors="0">
  <testcase name="TC001" time="10.190" classname="com.citrix.gotoapps.gotowebinar.testscripts.ScheduleWebinarTest"/>
</testsuite> <!-- com.citrix.gotoapps.gotowebinar.testscripts.ScheduleWebinarTest -->
