<?xml version="1.0" encoding="UTF-8"?>
<!-- Generated by org.testng.reporters.JUnitReportReporter -->
<testsuite hostname="vaishu.local" name="com.citrix.gotoapps.gotowebinar.AppTest" tests="1" failures="0" timestamp="15 Jun 2015 08:51:05 GMT" time="0.001" errors="0">
  <testcase name="testApp" time="0.001" classname="com.citrix.gotoapps.gotowebinar.AppTest"/>
</testsuite> <!-- com.citrix.gotoapps.gotowebinar.AppTest -->
